[maryinvite.ru/ayaulym.html]
[backblue.gif]
[fade.gif]
[index.html]
[maryinvite.ru/Ayaulym-2.html]
[static.tildacdn.com/tild6539-3862-4639-a531-353130666638/IMG_4089_tilda432293.jpg]
[static.tildacdn.com/img/tildafavicon.ico]
[neo.tildacdn.com/js/tilda-fallback-1.0.min.js]
[static.tildacdn.com/css/tilda-grid-3.0.min.css]
[static.tildacdn.com/ws/project5119913/tilda-blocks-page72441421.mindc16.css]
[static.tildacdn.com/css/tilda-animation-2.0.min.css]
[static.tildacdn.com/css/tilda-forms-1.0.min.css]
[static.tildacdn.com/css/tilda-slds-1.4.min.css]
[static.tildacdn.com/css/tilda-zero-gallery-1.0.min.css]
[fonts.googleapis.com/css2d5f3.css]
[static.tildacdn.com/js/tilda-polyfill-1.0.min.js]
[static.tildacdn.com/js/jquery-1.10.2.min.js]
[maryinvite.ru/OPR/index.html]
[static.tildacdn.com/js/tilda-scripts-3.0.min.js]
[static.tildacdn.com/ws/project5119913/tilda-blocks-page72441421.mindc16.js]
[static.tildacdn.com/js/tilda-lazyload-1.0.min.js]
[static.tildacdn.com/js/tilda-animation-2.0.min.js]
[static.tildacdn.com/js/tilda-zero-1.1.min.js]
[static.tildacdn.com/js/tilda-forms-1.0.min.js]
[static.tildacdn.com/js/tilda-slds-1.4.min.js]
[static.tildacdn.com/js/tilda-zero-gallery-1.0.min.js]
[static.tildacdn.com/js/hammer.min.js]
[static.tildacdn.com/js/tilda-animation-sbs-1.0.min.js]
[static.tildacdn.com/js/tilda-zero-scale-1.0.min.js]
[static.tildacdn.com/js/tilda-zero-fixed-1.0.min.js]
[static.tildacdn.com/js/tilda-events-1.0.min.js]
[cdn.abros.dev/tilab/tilab.js]
[static.tildacdn.com/tild3038-3963-4431-b532-646266366635/photo.png]
[static.tildacdn.com/tild6338-3136-4963-b838-613138663964/photo.png]
[static.tildacdn.com/tild6231-3763-4237-b764-623332373639/_WhatsApp_2025-07-16.jpg]
[static.tildacdn.com/tild6463-3363-4333-a537-643039306161/photo.svg]
[static.tildacdn.com/tild6636-3362-4733-b038-313933343964/Ayaulym.svg]
[static.tildacdn.com/tild3466-6463-4737-b062-623637653532/photo.svg]
[static.tildacdn.com/tild3833-3662-4436-b465-323966643232/Group_1321314662.svg]
[thb.tildacdn.com/tild3332-6463-4637-b162-666138663232/-/resize/20x/photo.png]
[static.tildacdn.com/tild3534-3062-4931-a133-326561663334/_.svg]
[static.tildacdn.com/tild3537-3562-4066-b537-373838393433/photo.svg]
[static.tildacdn.com/tild6633-3932-4637-b231-386430636235/Group_214.svg]
[unpkg.com/animejs@3.1.0/lib/anime.min.js]
[cdnjs.cloudflare.com/ajax/libs/gsap/3.11.4/gsap.min.js]
[cdnjs.cloudflare.com/ajax/libs/gsap/3.11.4/ScrollTrigger.min.js]
[cdnjs.cloudflare.com/ajax/libs/smoothscroll/1.4.10/SmoothScroll.min.js]
[dl.dropbox.com/scl/fi/wqdvb2qp30485frwv15nl/rmash_Makhan_-_ZHan_syrym_Ayaulym_73883801-mp3cut.net-1.2b829f.delayed]
[dl.dropboxusercontent.com/scl/fi/wqdvb2qp30485frwv15nl/rmash_Makhan_-_ZHan_syrym_Ayaulym_73883801 (mp3cut.net) (1).mp3_; filename_=UTF-8''rmash_Makhan_-_ZHan_syrym_Ayaulym_73883801%20%28mp3cut.net%29%20%281%2982]
[static.tildacdn.com/tild3131-6533-4738-b332-343564303330/svg_1752673792792.svg]
[static.tildacdn.com/tild3031-6131-4265-a562-366235326534/_.svg]
[static.tildacdn.com/tild3263-3738-4864-b937-623434393331/svg_1752673835551.svg]
[static.tildacdn.com/tild3737-3335-4032-b262-383635326464/svg_1752673816595.svg]
[static.tildacdn.com/tild3261-6636-4366-b034-333832396230/svg_1752673808031.svg]
[static.tildacdn.com/tild3261-6339-4331-b237-666361356164/_________.svg]
[thb.tildacdn.com/tild3361-3265-4463-b139-393533393764/-/resize/20x/_1.png]
[thb.tildacdn.com/tild6663-3038-4031-b933-666433623534/-/resize/20x/_2.png]
[static.tildacdn.com/tild3163-6430-4031-b132-346463343438/____.svg]
[static.tildacdn.com/tild6131-3839-4536-b630-633231623231/Layer_3.svg]
[thb.tildacdn.com/tild3033-6266-4735-b936-643963346135/-/resize/20x/Rectangle_501.png]
[static.tildacdn.com/tild3139-3033-4731-b662-353734313636/photo.svg]
[static.tildacdn.com/js/tilda-variant-select-1.0.min.js]
[megatimer.ru/get/fd5b51bff7798889208d115a4ec4b65a.js]
[static.tildacdn.com/tild3839-3339-4662-a239-326266663866/__.svg]
[maryinvite.ru/ayaulym.html]
[maryinvite.ru/Ayaulym-2.html]
[static.tildacdn.com/js/tilda-stat-1.0.min.js]
[ws.tildacdn.com/index.html]
[static.tildacdn.com/index.html]
[static.tildacdn.com/css/tilda-grid-3.0.min.css]
[static.tildacdn.com/ws/project5119913/tilda-blocks-page72441421.mindc16.css]
[static.tildacdn.com/css/tilda-animation-2.0.min.css]
[static.tildacdn.com/css/tilda-forms-1.0.min.css]
[static.tildacdn.com/css/tilda-slds-1.4.min.css]
[static.tildacdn.com/css/tilda-zero-gallery-1.0.min.css]
[fonts.googleapis.com/css2d5f3.css]
[maryinvite.ru/OPR/index.html]
[static.tildacdn.com/tild6463-3363-4333-a537-643039306161/photo.svg]
[static.tildacdn.com/tild6636-3362-4733-b038-313933343964/Ayaulym.svg]
[static.tildacdn.com/tild3466-6463-4737-b062-623637653532/photo.svg]
[static.tildacdn.com/tild3833-3662-4436-b465-323966643232/Group_1321314662.svg]
[static.tildacdn.com/tild6633-3932-4637-b231-386430636235/Group_214.svg]
[static.tildacdn.com/tild3534-3062-4931-a133-326561663334/_.svg]
[static.tildacdn.com/tild3537-3562-4066-b537-373838393433/photo.svg]
[static.tildacdn.com/tild3131-6533-4738-b332-343564303330/svg_1752673792792.svg]
[static.tildacdn.com/tild3031-6131-4265-a562-366235326534/_.svg]
[static.tildacdn.com/tild3263-3738-4864-b937-623434393331/svg_1752673835551.svg]
[static.tildacdn.com/tild3737-3335-4032-b262-383635326464/svg_1752673816595.svg]
[static.tildacdn.com/tild3261-6636-4366-b034-333832396230/svg_1752673808031.svg]
[static.tildacdn.com/tild3261-6339-4331-b237-666361356164/_________.svg]
[static.tildacdn.com/tild3163-6430-4031-b132-346463343438/____.svg]
[static.tildacdn.com/tild6131-3839-4536-b630-633231623231/Layer_3.svg]
[static.tildacdn.com/tild3139-3033-4731-b662-353734313636/photo.svg]
[static.tildacdn.com/tild3839-3339-4662-a239-326266663866/__.svg]
